<?xml version="1.0" encoding="UTF-8"?>
<!-- Generated by org.testng.reporters.JUnitXMLReporter -->
<testsuite hostname="DESKTOP-OS5LNKO" ignored="0" name="Default test" tests="4" failures="0" timestamp="21 Jan 2021 10:43:35 GMT" time="83.963" errors="0">
  <testcase name="DemoProject" time="19.918" classname="test.ExcelExecute"/>
  <testcase name="DemoProject" time="15.164" classname="test.ExcelExecute"/>
  <testcase name="DemoProject" time="18.305" classname="test.ExcelExecute"/>
  <testcase name="DemoProject" time="23.602" classname="test.ExcelExecute"/>
</testsuite> <!-- Default test -->
